Panel:   panel-01-parmigiano-wedding (Parmigiano-Reggiano)
Image:   https://thiccctionary.com/images/cartoons/panel-01-parmigiano-wedding.png
Caption:
---
A single wheel of Parmigiano-Reggiano, aged thirty-six months, weighs approximately one hundred ninety pounds.

The wedding party had requested two.
https://thiccctionary.com/cartoons/  #thiccctionary
---
Checking image URL reachability...
  [post] twitter/69f62c965c4c051afa032c91 FAIL (shape #1) body={"errors":[{"message":"Variable \"$input\" got invalid value { photo: { url: \"https://thiccctionary.com/images/cartoons/panel-01-parmigiano-wedding.png\" } } at \"input.assets\"; Field \"photo\" is not defined by type \"AssetInput\".","locations":[{"line":2,"column":25}],"extensions":{"code":"BAD_USER_INPUT"}}]}

  [post] twitter/69f62c965c4c051afa032c91 FAIL (shape #2) body={"errors":[{"message":"Variable \"$input\" got invalid value { photos: [[Object]] } at \"input.assets\"; Field \"photos\" is not defined by type \"AssetInput\".","locations":[{"line":2,"column":25}],"extensions":{"code":"BAD_USER_INPUT"}}]}

  twitter/69f62c965c4c051afa032c91: FAIL 400
    body={"errors":[{"message":"Variable \"$input\" got invalid value { photos: [[Object]] } at \"input.assets\"; Field \"photos\" is not defined by type \"AssetInput\".","locations":[{"line":2,"column":25}],"
  [post] facebook/69f62da25c4c051afa03305a FAIL (shape #1) body={"errors":[{"message":"Variable \"$input\" got invalid value { photo: { url: \"https://thiccctionary.com/images/cartoons/panel-01-parmigiano-wedding.png\" } } at \"input.assets\"; Field \"photo\" is not defined by type \"AssetInput\".","locations":[{"line":2,"column":25}],"extensions":{"code":"BAD_USER_INPUT"}}]}

  [post] facebook/69f62da25c4c051afa03305a FAIL (shape #2) body={"errors":[{"message":"Variable \"$input\" got invalid value { photos: [[Object]] } at \"input.assets\"; Field \"photos\" is not defined by type \"AssetInput\".","locations":[{"line":2,"column":25}],"extensions":{"code":"BAD_USER_INPUT"}}]}

  facebook/69f62da25c4c051afa03305a: FAIL 400
    body={"errors":[{"message":"Variable \"$input\" got invalid value { photos: [[Object]] } at \"input.assets\"; Field \"photos\" is not defined by type \"AssetInput\".","locations":[{"line":2,"column":25}],"
  [post] instagram/69f62e0e5c4c051afa033677 FAIL (shape #1) body={"errors":[{"message":"Variable \"$input\" got invalid value { photo: { url: \"https://thiccctionary.com/images/cartoons/panel-01-parmigiano-wedding.png\" } } at \"input.assets\"; Field \"photo\" is not defined by type \"AssetInput\".","locations":[{"line":2,"column":25}],"extensions":{"code":"BAD_USER_INPUT"}}]}

  [post] instagram/69f62e0e5c4c051afa033677 FAIL (shape #2) body={"errors":[{"message":"Variable \"$input\" got invalid value { photos: [[Object]] } at \"input.assets\"; Field \"photos\" is not defined by type \"AssetInput\".","locations":[{"line":2,"column":25}],"extensions":{"code":"BAD_USER_INPUT"}}]}

  instagram/69f62e0e5c4c051afa033677: FAIL 400
    body={"errors":[{"message":"Variable \"$input\" got invalid value { photos: [[Object]] } at \"input.assets\"; Field \"photos\" is not defined by type \"AssetInput\".","locations":[{"line":2,"column":25}],"
All channel posts failed.
